<?xml version="1.0" encoding="UTF-8"?>
<!-- Generated by org.testng.reporters.JUnitReportReporter -->
<testsuite skipped="0" hostname="LAPTOP-HO5DOLHC" name="testCases.GET_Or_Read_A_Product" tests="1" failures="0" timestamp="17 Apr 2021 17:00:27 GMT" time="9.020" errors="0">
  <testcase name="read_All_products" time="9.020" classname="testCases.GET_Or_Read_A_Product"/>
</testsuite> <!-- testCases.GET_Or_Read_A_Product -->
