<?xml version="1.0" encoding="UTF-8"?>
<!-- Generated by org.testng.reporters.JUnitReportReporter -->
<testsuite skipped="0" hostname="LAPTOP-HO5DOLHC" name="testCases.PUT_Or_Update_A_Product" tests="1" failures="0" timestamp="18 Apr 2021 16:33:18 GMT" time="20.363" errors="0">
  <testcase name="read_A_product" time="20.363" classname="testCases.PUT_Or_Update_A_Product"/>
</testsuite> <!-- testCases.PUT_Or_Update_A_Product -->
