<?xml version="1.0" encoding="UTF-8"?>
<!-- Generated by org.testng.reporters.JUnitReportReporter -->
<testsuite skipped="0" hostname="LAPTOP-HO5DOLHC" name="testCases.GET_Or_Read_All_Products" tests="1" failures="0" timestamp="22 Jun 2021 05:09:23 GMT" time="4.710" errors="0">
  <testcase name="read_All_products" time="4.710" classname="testCases.GET_Or_Read_All_Products"/>
</testsuite> <!-- testCases.GET_Or_Read_All_Products -->
